<?xml version="1.0" encoding="UTF-8"?>
<testsuite xmlns:xsi="http://www.w3.org/2001/XMLSchema-instance" xsi:noNamespaceSchemaLocation="https://maven.apache.org/surefire/maven-surefire-plugin/xsd/surefire-test-report-3.0.xsd" version="3.0" name="dev.formacao.modelagem.shared.EmailTest" time="0.024" tests="9" errors="0" skipped="0" failures="0">
  <properties>
[...]
</properties>
  <testcase name="deveAceitarLocalQuandoLocaTiverAte64Caracteres" classname="dev.formacao.modelagem.shared.EmailTest" time="0.003"/>
  <testcase name="deveNormalizarEExtrairLocalEDominioQuandoEmailForValido" classname="dev.formacao.modelagem.shared.EmailTest" time="0.001"/>
  <testcase name="deveLancarExcecaoQuandoLocalTiverMaisDe64Caracteres" classname="dev.formacao.modelagem.shared.EmailTest" time="0.003"/>
  <testcase name="devemCombinarErrosQuandoLocalEDominioEstouraremLimite" classname="dev.formacao.modelagem.shared.EmailTest" time="0.002"/>
  <testcase name="deveLancarExcecaoQuandoDominioTiverMaisDe255Caracteres" classname="dev.formacao.modelagem.shared.EmailTest" time="0.001"/>
  <testcase name="deveLancarExcecaoQuandoEmailForVazio" classname="dev.formacao.modelagem.shared.EmailTest" time="0.002"/>
  <testcase name="deveLancarExcecaoQuandoEmailForNulo" classname="dev.formacao.modelagem.shared.EmailTest" time="0.001"/>
  <testcase name="deveLancarExcecaoQuandoEmailForInvalido" classname="dev.formacao.modelagem.shared.EmailTest" time="0.001"/>
  <testcase name="deveAceitarDominioQuandoDominioTiverAte255Caracteres" classname="dev.formacao.modelagem.shared.EmailTest" time="0.001"/>
</testsuite>